# JRE version: Java(TM) SE Runtime Environment (8.0_66-b18) (build 1.8.0_66-b18)
# Java VM: Java HotSpot(TM) 64-Bit Server VM (25.66-b18 mixed mode windows-amd64 compressed oops)
Heap:
 PSYoungGen      total 242688K, used 105256K [0x00000000eab00000, 0x0000000100000000, 0x0000000100000000)
  eden space 137216K, 0% used [0x00000000eab00000,0x00000000eab00000,0x00000000f3100000)
  from space 105472K, 99% used [0x00000000f3100000,0x00000000f97ca150,0x00000000f9800000)
  to   space 106496K, 0% used [0x00000000f9800000,0x00000000f9800000,0x0000000100000000)
 ParOldGen       total 152064K, used 113314K [0x00000000c0000000, 0x00000000c9480000, 0x00000000eab00000)
  object space 152064K, 74% used [0x00000000c0000000,0x00000000c6ea8bf8,0x00000000c9480000)
 Metaspace       used 5470K, capacity 6704K, committed 6784K, reserved 1056768K
  class space    used 552K, capacity 616K, committed 640K, reserved 1048576K
GC Heap History (10 events):
Event: 13.369 GC heap after
Heap after GC invocations=7 (full 2):
 PSYoungGen      total 128000K, used 0K [0x00000000eab00000, 0x00000000ff980000, 0x0000000100000000)
  eden space 122880K, 0% used [0x00000000eab00000,0x00000000eab00000,0x00000000f2300000)
  from space 5120K, 0% used [0x00000000f2300000,0x00000000f2300000,0x00000000f2800000)
  to   space 58880K, 0% used [0x00000000fc000000,0x00000000fc000000,0x00000000ff980000)
 ParOldGen       total 152064K, used 47780K [0x00000000c0000000, 0x00000000c9480000, 0x00000000eab00000)
  object space 152064K, 31% used [0x00000000c0000000,0x00000000c2ea92a8,0x00000000c9480000)
 Metaspace       used 5467K, capacity 6704K, committed 6784K, reserved 1056768K
  class space    used 552K, capacity 616K, committed 640K, reserved 1048576K
}
Event: 13.947 GC heap before
{Heap before GC invocations=8 (full 2):
 PSYoungGen      total 128000K, used 122880K [0x00000000eab00000, 0x00000000ff980000, 0x0000000100000000)
  eden space 122880K, 100% used [0x00000000eab00000,0x00000000f2300000,0x00000000f2300000)
  from space 5120K, 0% used [0x00000000f2300000,0x00000000f2300000,0x00000000f2800000)
  to   space 58880K, 0% used [0x00000000fc000000,0x00000000fc000000,0x00000000ff980000)
 ParOldGen       total 152064K, used 47780K [0x00000000c0000000, 0x00000000c9480000, 0x00000000eab00000)
  object space 152064K, 31% used [0x00000000c0000000,0x00000000c2ea92a8,0x00000000c9480000)
 Metaspace       used 5469K, capacity 6704K, committed 6784K, reserved 1056768K
  class space    used 552K, capacity 616K, committed 640K, reserved 1048576K
Event: 13.993 GC heap after
Heap after GC invocations=8 (full 2):
 PSYoungGen      total 237568K, used 45753K [0x00000000eab00000, 0x00000000fed00000, 0x0000000100000000)
  eden space 191488K, 0% used [0x00000000eab00000,0x00000000eab00000,0x00000000f6600000)
  from space 46080K, 99% used [0x00000000fc000000,0x00000000fecae428,0x00000000fed00000)
  to   space 62976K, 0% used [0x00000000f7200000,0x00000000f7200000,0x00000000faf80000)
 ParOldGen       total 152064K, used 47780K [0x00000000c0000000, 0x00000000c9480000, 0x00000000eab00000)
  object space 152064K, 31% used [0x00000000c0000000,0x00000000c2ea92a8,0x00000000c9480000)
 Metaspace       used 5469K, capacity 6704K, committed 6784K, reserved 1056768K
  class space    used 552K, capacity 616K, committed 640K, reserved 1048576K
}
Event: 14.713 GC heap before
{Heap before GC invocations=9 (full 2):
 PSYoungGen      total 237568K, used 237241K [0x00000000eab00000, 0x00000000fed00000, 0x0000000100000000)
  eden space 191488K, 100% used [0x00000000eab00000,0x00000000f6600000,0x00000000f6600000)
  from space 46080K, 99% used [0x00000000fc000000,0x00000000fecae428,0x00000000fed00000)
  to   space 62976K, 0% used [0x00000000f7200000,0x00000000f7200000,0x00000000faf80000)
 ParOldGen       total 152064K, used 47780K [0x00000000c0000000, 0x00000000c9480000, 0x00000000eab00000)
  object space 152064K, 31% used [0x00000000c0000000,0x00000000c2ea92a8,0x00000000c9480000)
 Metaspace       used 5469K, capacity 6704K, committed 6784K, reserved 1056768K
  class space    used 552K, capacity 616K, committed 640K, reserved 1048576K
Event: 14.788 GC heap after
Heap after GC invocations=9 (full 2):
 PSYoungGen      total 266752K, used 62955K [0x00000000eab00000, 0x0000000100000000, 0x0000000100000000)
  eden space 203776K, 0% used [0x00000000eab00000,0x00000000eab00000,0x00000000f7200000)
  from space 62976K, 99% used [0x00000000f7200000,0x00000000faf7aec8,0x00000000faf80000)
  to   space 79360K, 0% used [0x00000000fb280000,0x00000000fb280000,0x0000000100000000)
 ParOldGen       total 152064K, used 58607K [0x00000000c0000000, 0x00000000c9480000, 0x00000000eab00000)
  object space 152064K, 38% used [0x00000000c0000000,0x00000000c393bc90,0x00000000c9480000)
 Metaspace       used 5469K, capacity 6704K, committed 6784K, reserved 1056768K
  class space    used 552K, capacity 616K, committed 640K, reserved 1048576K
}
Event: 15.512 GC heap before
{Heap before GC invocations=10 (full 2):
 PSYoungGen      total 266752K, used 266731K [0x00000000eab00000, 0x0000000100000000, 0x0000000100000000)
  eden space 203776K, 100% used [0x00000000eab00000,0x00000000f7200000,0x00000000f7200000)
  from space 62976K, 99% used [0x00000000f7200000,0x00000000faf7aec8,0x00000000faf80000)
  to   space 79360K, 0% used [0x00000000fb280000,0x00000000fb280000,0x0000000100000000)
 ParOldGen       total 152064K, used 58607K [0x00000000c0000000, 0x00000000c9480000, 0x00000000eab00000)
  object space 152064K, 38% used [0x00000000c0000000,0x00000000c393bc90,0x00000000c9480000)
 Metaspace       used 5469K, capacity 6704K, committed 6784K, reserved 1056768K
  class space    used 552K, capacity 616K, committed 640K, reserved 1048576K
Event: 15.623 GC heap after
Heap after GC invocations=10 (full 2):
 PSYoungGen      total 216576K, used 79353K [0x00000000eab00000, 0x0000000100000000, 0x0000000100000000)
  eden space 137216K, 0% used [0x00000000eab00000,0x00000000eab00000,0x00000000f3100000)
  from space 79360K, 99% used [0x00000000fb280000,0x00000000ffffe660,0x0000000100000000)
  to   space 105984K, 0% used [0x00000000f3100000,0x00000000f3100000,0x00000000f9880000)
 ParOldGen       total 152064K, used 90908K [0x00000000c0000000, 0x00000000c9480000, 0x00000000eab00000)
  object space 152064K, 59% used [0x00000000c0000000,0x00000000c58c7090,0x00000000c9480000)
 Metaspace       used 5469K, capacity 6704K, committed 6784K, reserved 1056768K
  class space    used 552K, capacity 616K, committed 640K, reserved 1048576K
}
Event: 16.078 GC heap before
{Heap before GC invocations=11 (full 2):
 PSYoungGen      total 216576K, used 216569K [0x00000000eab00000, 0x0000000100000000, 0x0000000100000000)
  eden space 137216K, 100% used [0x00000000eab00000,0x00000000f3100000,0x00000000f3100000)
  from space 79360K, 99% used [0x00000000fb280000,0x00000000ffffe660,0x0000000100000000)
  to   space 105984K, 0% used [0x00000000f3100000,0x00000000f3100000,0x00000000f9880000)
 ParOldGen       total 152064K, used 90908K [0x00000000c0000000, 0x00000000c9480000, 0x00000000eab00000)
  object space 152064K, 59% used [0x00000000c0000000,0x00000000c58c7090,0x00000000c9480000)
 Metaspace       used 5470K, capacity 6704K, committed 6784K, reserved 1056768K
  class space    used 552K, capacity 616K, committed 640K, reserved 1048576K
Event: 16.194 GC heap after
Heap after GC invocations=11 (full 2):
 PSYoungGen      total 242688K, used 105256K [0x00000000eab00000, 0x0000000100000000, 0x0000000100000000)
  eden space 137216K, 0% used [0x00000000eab00000,0x00000000eab00000,0x00000000f3100000)
  from space 105472K, 99% used [0x00000000f3100000,0x00000000f97ca150,0x00000000f9800000)
  to   space 106496K, 0% used [0x00000000f9800000,0x00000000f9800000,0x0000000100000000)
 ParOldGen       total 152064K, used 113314K [0x00000000c0000000, 0x00000000c9480000, 0x00000000eab00000)
  object space 152064K, 74% used [0x00000000c0000000,0x00000000c6ea8bf8,0x00000000c9480000)
 Metaspace       used 5470K, capacity 6704K, committed 6784K, reserved 1056768K
  class space    used 552K, capacity 616K, committed 640K, reserved 1048576K
}
Event: 16.194 GC heap before
{Heap before GC invocations=12 (full 3):
 PSYoungGen      total 242688K, used 105256K [0x00000000eab00000, 0x0000000100000000, 0x0000000100000000)
  eden space 137216K, 0% used [0x00000000eab00000,0x00000000eab00000,0x00000000f3100000)
  from space 105472K, 99% used [0x00000000f3100000,0x00000000f97ca150,0x00000000f9800000)
  to   space 106496K, 0% used [0x00000000f9800000,0x00000000f9800000,0x0000000100000000)
 ParOldGen       total 152064K, used 113314K [0x00000000c0000000, 0x00000000c9480000, 0x00000000eab00000)
  object space 152064K, 74% used [0x00000000c0000000,0x00000000c6ea8bf8,0x00000000c9480000)
 Metaspace       used 5470K, capacity 6704K, committed 6784K, reserved 1056768K
  class space    used 552K, capacity 616K, committed 640K, reserved 1048576K

